Arguments: 
  C:\Program Files\nodejs\node.exe C:\Users\dogin\AppData\Roaming\npm\node_modules\yarn\bin\yarn.js init -u

PATH: 
  C:\Program Files (x86)\Common Files\Oracle\Java\javapath;C:\Windows\system32;C:\Windows;C:\Windows\System32\Wbem;C:\Windows\System32\WindowsPowerShell\v1.0\;C:\Windows\System32\OpenSSH\;C:\Program Files\NVIDIA Corporation\NVIDIA NvDLISR;C:\Program Files (x86)\NVIDIA Corporation\PhysX\Common;C:\ProgramData\chocolatey\bin;C:\Program Files\nodejs\;C:\Program Files\Git\cmd;C:\Users\dogin\AppData\Local\Microsoft\WindowsApps;C:\Users\dogin\AppData\Roaming\npm;C:\Users\dogin\AppData\Local\GitHubDesktop\bin;C:\Users\dogin\AppData\Local\Programs\Microsoft VS Code\bin;C:\adb;C:\Users\dogin\AppData\Local\Android\Sdk\platform-tools;C:\Program Files\OpenJDK\openjdk-8u262-b10\bin;C:\Program Files (x86)\WiX Toolset v3.11\bin;C:\Program Files\dotnet\;C:\Users\dogin\AppData\Local\Microsoft\WindowsApps;C:\Users\dogin\AppData\Roaming\npm;C:\Users\dogin\AppData\Local\GitHubDesktop\bin;C:\Users\dogin\AppData\Local\Programs\Microsoft VS Code\bin;C:\Users\dogin\AppData\Local\Android\Sdk\platform-tools;C:\Program Files (x86)\WiX Toolset v3.11\bin;C:\Program Files\JetBrains\IntelliJ IDEA Community Edition 2020.2.3\bin;;C:\Users\dogin\.dotnet\tools;C:\Program Files\dotnet;

Yarn version: 
  1.22.10

Node version: 
  14.13.1

Platform: 
  win32 x64

Trace: 
  Error: canceled
      at Interface.<anonymous> (C:\Users\dogin\AppData\Roaming\npm\node_modules\yarn\lib\cli.js:136216:13)
      at Interface.emit (events.js:314:20)
      at Interface._ttyWrite (readline.js:875:16)
      at ReadStream.onkeypress (readline.js:213:10)
      at ReadStream.emit (events.js:314:20)
      at emitKeys (internal/readline/utils.js:344:14)
      at emitKeys.next (<anonymous>)
      at ReadStream.onData (readline.js:1144:36)
      at ReadStream.emit (events.js:314:20)
      at addChunk (_stream_readable.js:307:12)

npm manifest: 
  No manifest

yarn manifest: 
  No manifest

Lockfile: 
  No lockfile
